<?xml version="1.0" encoding="UTF-8"?>
<!-- Generated by org.testng.reporters.JUnitXMLReporter -->
<testsuite ignored="0" hostname="P2ELT22" failures="0" tests="20" name="Default test" time="14.368" errors="0" timestamp="2023-10-06T14:39:06 IST">
  <testcase classname="com.restassured.test.UserTests" name="testCreateUser" time="2.921"/>
  <testcase classname="com.restassured.test.UserTests" name="testVerifyUser" time="1.03"/>
  <testcase classname="com.restassured.test.UserTests" name="testLogin" time="1.837"/>
  <testcase classname="com.restassured.test.UserTests" name="testKycUpdate" time="1.36"/>
  <testcase classname="com.restassured.test.UserTests" name="testProfileView" time="0.221"/>
  <testcase classname="com.restassured.test.UserTests" name="testCreateFile" time="1.306"/>
  <testcase classname="com.restassured.test.UserTests" name="testgetFileCertificate" time="0.278"/>
  <testcase classname="com.restassured.test.UserTests" name="testcreateFolder" time="0.233"/>
  <testcase classname="com.restassured.test.UserTests" name="testMoveFile" time="0.251"/>
  <testcase classname="com.restassured.test.UserTests" name="testgetFileVersion" time="0.564"/>
  <testcase classname="com.restassured.test.UserTests" name="createVersion1" time="0.475"/>
  <testcase classname="com.restassured.test.UserTests" name="createVersion1" time="0.62"/>
  <testcase classname="com.restassured.test.UserTests" name="testSendCertificatetoRecycleBin" time="0.332"/>
  <testcase classname="com.restassured.test.UserTests" name="testrenameFolder" time="0.363"/>
  <testcase classname="com.restassured.test.UserTests" name="testdeleteFolder" time="0.252"/>
  <testcase classname="com.restassured.test.UserTests" name="testRestoreFileFromRecycleBin" time="0.74"/>
  <testcase classname="com.restassured.test.UserTests" name="testDeleteFilePermanently" time="0.311"/>
  <testcase classname="com.restassured.test.UserTests" name="testgetAllFolders" time="0.317"/>
  <testcase classname="com.restassured.test.UserTests" name="testDeleteFileVersion" time="0.347"/>
  <testcase classname="com.restassured.test.UserTests" name="testRestoreFileVersion" time="0.235"/>
</testsuite> <!-- Default test -->
